# JRE version: Java(TM) SE Runtime Environment (7.0_67-b01) (build 1.7.0_67-b01)
# Java VM: Java HotSpot(TM) Server VM (24.65-b04 mixed mode linux-x86 )
Heap
 PSYoungGen      total 9472K, used 2883K [0xa8a80000, 0xa9d00000, 0xb3280000)
  eden space 8192K, 19% used [0xa8a80000,0xa8c12ec8,0xa9280000)
  from space 1280K, 99% used [0xa93c0000,0xa94fe070,0xa9500000)
  to   space 1280K, 0% used [0xa9280000,0xa9280000,0xa93c0000)
 ParOldGen       total 21504K, used 1614K [0x93a80000, 0x94f80000, 0xa8a80000)
  object space 21504K, 7% used [0x93a80000,0x93c138f0,0x94f80000)
 PSPermGen       total 16384K, used 6687K [0x8fa80000, 0x90a80000, 0x93a80000)
  object space 16384K, 40% used [0x8fa80000,0x90107ed0,0x90a80000)
GC Heap History (4 events):
Event: 0.564 GC heap before
{Heap before GC invocations=1 (full 0):
 PSYoungGen      total 9472K, used 8192K [0xa8a80000, 0xa9500000, 0xb3280000)
  eden space 8192K, 100% used [0xa8a80000,0xa9280000,0xa9280000)
  from space 1280K, 0% used [0xa93c0000,0xa93c0000,0xa9500000)
  to   space 1280K, 0% used [0xa9280000,0xa9280000,0xa93c0000)
 ParOldGen       total 21504K, used 0K [0x93a80000, 0x94f80000, 0xa8a80000)
  object space 21504K, 0% used [0x93a80000,0x93a80000,0x94f80000)
 PSPermGen       total 16384K, used 4802K [0x8fa80000, 0x90a80000, 0x93a80000)
  object space 16384K, 29% used [0x8fa80000,0x8ff30b40,0x90a80000)
Event: 0.569 GC heap after
Heap after GC invocations=1 (full 0):
 PSYoungGen      total 9472K, used 1268K [0xa8a80000, 0xa9500000, 0xb3280000)
  eden space 8192K, 0% used [0xa8a80000,0xa8a80000,0xa9280000)
  from space 1280K, 99% used [0xa9280000,0xa93bd118,0xa93c0000)
  to   space 1280K, 0% used [0xa93c0000,0xa93c0000,0xa9500000)
 ParOldGen       total 21504K, used 851K [0x93a80000, 0x94f80000, 0xa8a80000)
  object space 21504K, 3% used [0x93a80000,0x93b54ce0,0x94f80000)
 PSPermGen       total 16384K, used 4802K [0x8fa80000, 0x90a80000, 0x93a80000)
  object space 16384K, 29% used [0x8fa80000,0x8ff30b40,0x90a80000)
}
Event: 1.106 GC heap before
{Heap before GC invocations=2 (full 0):
 PSYoungGen      total 9472K, used 9460K [0xa8a80000, 0xa9500000, 0xb3280000)
  eden space 8192K, 100% used [0xa8a80000,0xa9280000,0xa9280000)
  from space 1280K, 99% used [0xa9280000,0xa93bd118,0xa93c0000)
  to   space 1280K, 0% used [0xa93c0000,0xa93c0000,0xa9500000)
 ParOldGen       total 21504K, used 851K [0x93a80000, 0x94f80000, 0xa8a80000)
  object space 21504K, 3% used [0x93a80000,0x93b54ce0,0x94f80000)
 PSPermGen       total 16384K, used 5539K [0x8fa80000, 0x90a80000, 0x93a80000)
  object space 16384K, 33% used [0x8fa80000,0x8ffe8f50,0x90a80000)
Event: 1.114 GC heap after
Heap after GC invocations=2 (full 0):
 PSYoungGen      total 9472K, used 1272K [0xa8a80000, 0xa9d00000, 0xb3280000)
  eden space 8192K, 0% used [0xa8a80000,0xa8a80000,0xa9280000)
  from space 1280K, 99% used [0xa93c0000,0xa94fe070,0xa9500000)
  to   space 1280K, 0% used [0xa9280000,0xa9280000,0xa93c0000)
 ParOldGen       total 21504K, used 1614K [0x93a80000, 0x94f80000, 0xa8a80000)
  object space 21504K, 7% used [0x93a80000,0x93c138f0,0x94f80000)
 PSPermGen       total 16384K, used 5539K [0x8fa80000, 0x90a80000, 0x93a80000)
  object space 16384K, 33% used [0x8fa80000,0x8ffe8f50,0x90a80000)
}

